2021-10-24T06:10:59.698Z | [32minfo[39m: "There start"
2021-10-24T06:11:35.024Z | [32minfo[39m: "There start"
2021-10-24T06:14:14.254Z | [32minfo[39m: "There start"
2021-10-24T06:14:38.080Z | [32minfo[39m: "There start"
2021-10-24T06:15:48.381Z | [32minfo[39m: "There start"
2021-10-24T06:17:12.883Z | [32minfo[39m: "There start"
2021-10-24T06:18:42.744Z | [32minfo[39m: "There start"
2021-10-24T06:19:56.459Z | [32minfo[39m: "There start"
2021-10-24T06:19:56.520Z | [32minfo[39m: "Fetched task during block#[854, 860)"
2021-10-24T06:20:38.744Z | [32minfo[39m: "There start"
2021-10-24T06:20:38.802Z | [32minfo[39m: "Fetched task during block#[854, 860)"
2021-10-24T07:28:32.318Z | [32minfo[39m: "Connect to ws://172.17.0.1:9944"
2021-10-24T07:30:20.642Z | [32minfo[39m: "Fetched task during block#[277, 284)"
2021-10-24T07:31:43.859Z | [32minfo[39m: "Connect to ws://172.17.0.1:9944"
2021-10-24T07:33:09.577Z | [32minfo[39m: "Connect to ws://172.17.0.1:9944"
2021-10-24T07:35:57.032Z | [32minfo[39m: "Fetched task during block#[277, 284)"
2021-10-24T07:36:35.467Z | [32minfo[39m: "Connect to ws://172.17.0.1:9944"
2021-10-24T07:38:00.824Z | [32minfo[39m: "Fetched task during block#[277, 284)"
2021-10-24T07:38:06.454Z | [31merror[39m: "1010: Invalid Transaction: Inability to pay some fees , e.g. account balance too low"
2021-10-24T07:39:42.190Z | [32minfo[39m: "Connect to ws://172.17.0.1:9944"
2021-10-24T07:41:00.131Z | [32minfo[39m: "Fetched task during block#[277, 284)"
2021-10-24T07:41:03.238Z | [31merror[39m: "1010: Invalid Transaction: Inability to pay some fees , e.g. account balance too low"
2021-10-24T07:42:03.995Z | [32minfo[39m: "Connect to ws://172.17.0.1:9944"
2021-10-24T07:43:28.233Z | [32minfo[39m: "Fetched task during block#[277, 284)"
2021-10-24T07:43:28.247Z | [32minfo[39m: "Signer addr: hJFsUeqzmXRv4JZoFr9qEiMZRvbt6AuWgL1bStbKNkLHPypt2"
2021-10-24T07:43:33.250Z | [31merror[39m: "1010: Invalid Transaction: Inability to pay some fees , e.g. account balance too low"
2021-10-24T07:44:40.330Z | [32minfo[39m: "Connect to ws://172.17.0.1:9944"
2021-10-24T07:46:05.767Z | [32minfo[39m: "Fetched task during block#[277, 284)"
2021-10-24T07:46:05.781Z | [32minfo[39m: "Signer addr: 5Ck2miBfCe1JQ4cY3NDsXyBaD6EcsgiVmEFTWwqNSs25XDEq"
2021-10-24T07:46:10.424Z | [31merror[39m: "1010: Invalid Transaction: Inability to pay some fees , e.g. account balance too low"
2021-10-24T07:48:12.086Z | [32minfo[39m: "Connect to ws://172.17.0.1:9944"
2021-10-24T07:49:31.989Z | [32minfo[39m: "Fetched task during block#[277, 284)"
2021-10-24T07:49:32.002Z | [32minfo[39m: "Signer addr: DFeS2XXq12E9iRyp52vRvYaMgWrgMXgDc6Cuc7KvfEaGETq"
2021-10-24T07:49:35.502Z | [31merror[39m: "1010: Invalid Transaction: Inability to pay some fees , e.g. account balance too low"
2021-10-24T07:54:11.142Z | [32minfo[39m: "Connect to ws://172.17.0.1:9944"
2021-10-24T07:55:14.418Z | [32minfo[39m: "Fetched task during block#[277, 284)"
2021-10-24T07:55:14.432Z | [32minfo[39m: "Signer addr: HnMAUz7r2G8G3hB27SYNyit5aJmh2a5P4eMdDtACtMFDbam"
2021-10-24T07:58:34.481Z | [32minfo[39m: "Connect to ws://172.17.0.1:9944"
2021-10-24T07:59:55.503Z | [32minfo[39m: "Fetched task during block#[277, 284)"
2021-10-24T07:59:55.516Z | [32minfo[39m: "Signer addr: HnMAUz7r2G8G3hB27SYNyit5aJmh2a5P4eMdDtACtMFDbam"
2021-10-25T01:53:07.458Z | [32minfo[39m: "Connect to ws://172.17.0.1:9944"
2021-10-25T01:57:36.489Z | [32minfo[39m: "Fetched task during block#[11522, 11540)"
2021-10-25T01:57:36.499Z | [32minfo[39m: "Signer addr: HnMAUz7r2G8G3hB27SYNyit5aJmh2a5P4eMdDtACtMFDbam"
2021-10-25T01:57:38.085Z | [32minfo[39m: "Fetched task during block#[11522, 11540)"
2021-10-25T01:57:38.091Z | [32minfo[39m: "Signer addr: HnMAUz7r2G8G3hB27SYNyit5aJmh2a5P4eMdDtACtMFDbam"
2021-10-25T01:57:39.364Z | [31merror[39m: "1014: Priority is too low: (978 vs 978): The transaction has too low priority to replace another transaction already in the pool."
2021-10-25T02:02:40.904Z | [32minfo[39m: "Connect to ws://172.17.0.1:9944"
2021-10-25T02:04:36.412Z | [32minfo[39m: "No new contribution"
2021-10-25T02:04:36.423Z | [31merror[39m: "Cannot fetch last unresolved block"
2021-10-25T02:10:10.955Z | [32minfo[39m: "Connect to ws://172.17.0.1:9944"
2021-10-25T02:10:36.244Z | [32minfo[39m: "Fetched task during block#[11627, 11629)"
2021-10-25T02:10:36.260Z | [32minfo[39m: "Signer addr: HnMAUz7r2G8G3hB27SYNyit5aJmh2a5P4eMdDtACtMFDbam"
2021-10-25T02:10:38.092Z | [32minfo[39m: "Fetched task during block#[11627, 11629)"
2021-10-25T02:10:38.099Z | [32minfo[39m: "Signer addr: HnMAUz7r2G8G3hB27SYNyit5aJmh2a5P4eMdDtACtMFDbam"
2021-10-25T02:10:39.422Z | [32minfo[39m: "Fetched task during block#[11627, 11629)"
2021-10-25T02:10:39.428Z | [32minfo[39m: "Signer addr: HnMAUz7r2G8G3hB27SYNyit5aJmh2a5P4eMdDtACtMFDbam"
2021-10-25T02:10:41.278Z | [32minfo[39m: "Fetched task during block#[11627, 11629)"
2021-10-25T02:10:41.284Z | [32minfo[39m: "Signer addr: HnMAUz7r2G8G3hB27SYNyit5aJmh2a5P4eMdDtACtMFDbam"
2021-10-25T02:12:48.132Z | [32minfo[39m: "Connect to ws://172.17.0.1:9944"
2021-10-25T02:14:36.786Z | [32minfo[39m: "No new contribution"
2021-10-25T02:14:37.067Z | [32minfo[39m: "No new contribution"
2021-10-25T02:14:37.347Z | [32minfo[39m: "No new contribution"
2021-10-25T02:14:37.624Z | [32minfo[39m: "No new contribution"
2021-10-25T02:14:38.280Z | [32minfo[39m: "No new contribution"
2021-10-25T02:14:38.548Z | [32minfo[39m: "No new contribution"
2021-10-25T02:14:38.821Z | [32minfo[39m: "No new contribution"
2021-10-25T02:14:39.105Z | [32minfo[39m: "No new contribution"
2021-10-25T02:14:39.391Z | [32minfo[39m: "No new contribution"
2021-10-25T02:14:39.675Z | [32minfo[39m: "No new contribution"
2021-10-25T02:14:39.945Z | [32minfo[39m: "No new contribution"
2021-10-25T02:14:40.223Z | [32minfo[39m: "No new contribution"
2021-10-25T02:14:40.495Z | [32minfo[39m: "No new contribution"
2021-10-25T02:14:40.767Z | [32minfo[39m: "No new contribution"
2021-10-25T02:14:41.053Z | [32minfo[39m: "No new contribution"
2021-10-25T02:14:41.325Z | [32minfo[39m: "No new contribution"
2021-10-25T02:14:41.601Z | [32minfo[39m: "No new contribution"
2021-10-25T02:14:41.887Z | [32minfo[39m: "No new contribution"
2021-10-25T02:16:36.268Z | [32minfo[39m: "Fetched task during block#[11732, 11734)"
2021-10-25T02:16:36.276Z | [32minfo[39m: "Signer addr: HnMAUz7r2G8G3hB27SYNyit5aJmh2a5P4eMdDtACtMFDbam"
2021-10-25T02:16:38.801Z | [32minfo[39m: "Fetched task during block#[11732, 11734)"
2021-10-25T02:16:38.807Z | [32minfo[39m: "Signer addr: HnMAUz7r2G8G3hB27SYNyit5aJmh2a5P4eMdDtACtMFDbam"
2021-10-25T02:16:40.142Z | [32minfo[39m: "Fetched task during block#[11732, 11734)"
2021-10-25T02:16:40.147Z | [32minfo[39m: "Signer addr: HnMAUz7r2G8G3hB27SYNyit5aJmh2a5P4eMdDtACtMFDbam"
2021-10-25T02:19:18.466Z | [32minfo[39m: "Connect to ws://172.17.0.1:9944"
2021-10-25T02:19:28.005Z | [32minfo[39m: "No new contribution"
2021-10-25T02:19:34.019Z | [32minfo[39m: "No new contribution"
2021-10-25T02:19:40.030Z | [32minfo[39m: "No new contribution"
2021-10-25T02:19:46.043Z | [32minfo[39m: "No new contribution"
2021-10-25T02:19:52.056Z | [32minfo[39m: "No new contribution"
2021-10-25T02:19:58.065Z | [32minfo[39m: "No new contribution"
2021-10-25T02:20:04.079Z | [32minfo[39m: "No new contribution"
2021-10-25T02:20:10.089Z | [32minfo[39m: "No new contribution"
2021-10-25T02:20:16.104Z | [32minfo[39m: "No new contribution"
2021-10-25T02:20:22.117Z | [32minfo[39m: "No new contribution"
2021-10-25T02:20:28.129Z | [32minfo[39m: "No new contribution"
2021-10-25T02:20:34.144Z | [32minfo[39m: "No new contribution"
2021-10-25T02:20:40.155Z | [32minfo[39m: "No new contribution"
2021-10-25T02:20:46.172Z | [32minfo[39m: "No new contribution"
2021-10-25T02:20:52.182Z | [32minfo[39m: "No new contribution"
2021-10-25T02:20:58.193Z | [32minfo[39m: "No new contribution"
2021-10-25T02:21:04.205Z | [32minfo[39m: "No new contribution"
2021-10-25T02:21:10.216Z | [32minfo[39m: "No new contribution"
2021-10-25T02:21:16.230Z | [32minfo[39m: "No new contribution"
2021-10-25T02:21:22.242Z | [32minfo[39m: "No new contribution"
2021-10-25T02:21:28.252Z | [32minfo[39m: "No new contribution"
2021-10-25T02:21:34.267Z | [32minfo[39m: "No new contribution"
2021-10-25T02:21:40.279Z | [32minfo[39m: "No new contribution"
2021-10-25T02:21:46.295Z | [32minfo[39m: "No new contribution"
2021-10-25T02:21:52.309Z | [32minfo[39m: "No new contribution"
2021-10-25T02:21:58.317Z | [32minfo[39m: "No new contribution"
2021-10-25T02:22:04.330Z | [32minfo[39m: "No new contribution"
2021-10-25T02:22:10.341Z | [32minfo[39m: "No new contribution"
2021-10-25T02:22:16.355Z | [32minfo[39m: "No new contribution"
2021-10-25T02:22:22.369Z | [32minfo[39m: "No new contribution"
2021-10-25T02:22:28.378Z | [32minfo[39m: "No new contribution"
2021-10-25T02:22:34.387Z | [32minfo[39m: "No new contribution"
2021-10-25T02:22:40.398Z | [32minfo[39m: "No new contribution"
2021-10-25T02:22:46.413Z | [32minfo[39m: "No new contribution"
2021-10-25T02:22:52.424Z | [32minfo[39m: "No new contribution"
2021-10-25T02:22:58.434Z | [32minfo[39m: "No new contribution"
2021-10-25T02:23:04.447Z | [32minfo[39m: "No new contribution"
2021-10-25T02:23:10.457Z | [32minfo[39m: "No new contribution"
2021-10-25T02:23:16.469Z | [32minfo[39m: "No new contribution"
2021-10-25T02:23:22.484Z | [32minfo[39m: "No new contribution"
2021-10-25T02:23:28.493Z | [32minfo[39m: "No new contribution"
2021-10-25T02:23:34.525Z | [32minfo[39m: "Fetched task during block#[11805, 11805)"
2021-10-25T02:23:34.540Z | [32minfo[39m: "Signer addr: HnMAUz7r2G8G3hB27SYNyit5aJmh2a5P4eMdDtACtMFDbam"
2021-10-25T02:23:48.123Z | [32minfo[39m: "Fetched task during block#[11807, 11805)"
2021-10-25T02:23:48.126Z | [32minfo[39m: "Signer addr: HnMAUz7r2G8G3hB27SYNyit5aJmh2a5P4eMdDtACtMFDbam"
2021-10-25T02:24:02.163Z | [32minfo[39m: "Fetched task during block#[11807, 11807)"
2021-10-25T02:24:02.169Z | [32minfo[39m: "Signer addr: HnMAUz7r2G8G3hB27SYNyit5aJmh2a5P4eMdDtACtMFDbam"
2021-10-25T02:24:15.732Z | [32minfo[39m: "Fetched task during block#[11807, 11807)"
2021-10-25T02:24:15.738Z | [32minfo[39m: "Signer addr: HnMAUz7r2G8G3hB27SYNyit5aJmh2a5P4eMdDtACtMFDbam"
2021-10-25T02:25:50.171Z | [32minfo[39m: "Connect to ws://172.17.0.1:9944"
2021-10-25T02:26:06.440Z | [32minfo[39m: "No new contribution"
2021-10-25T02:26:12.454Z | [32minfo[39m: "No new contribution"
2021-10-25T02:26:18.467Z | [32minfo[39m: "No new contribution"
2021-10-25T02:26:24.480Z | [32minfo[39m: "No new contribution"
2021-10-25T02:26:30.493Z | [32minfo[39m: "No new contribution"
2021-10-25T02:26:36.502Z | [32minfo[39m: "No new contribution"
2021-10-25T02:26:42.515Z | [32minfo[39m: "No new contribution"
2021-10-25T02:26:48.524Z | [32minfo[39m: "No new contribution"
2021-10-25T02:26:54.535Z | [32minfo[39m: "No new contribution"
2021-10-25T02:27:00.549Z | [32minfo[39m: "No new contribution"
2021-10-25T02:27:06.560Z | [32minfo[39m: "No new contribution"
2021-10-25T02:27:12.575Z | [32minfo[39m: "No new contribution"
2021-10-25T02:27:18.588Z | [32minfo[39m: "No new contribution"
2021-10-25T02:27:24.598Z | [32minfo[39m: "No new contribution"
2021-10-25T02:27:30.610Z | [32minfo[39m: "No new contribution"
2021-10-25T02:27:36.623Z | [32minfo[39m: "No new contribution"
2021-10-25T02:27:42.639Z | [32minfo[39m: "No new contribution"
2021-10-25T02:27:48.650Z | [32minfo[39m: "No new contribution"
2021-10-25T02:27:54.664Z | [32minfo[39m: "No new contribution"
2021-10-25T02:28:00.678Z | [32minfo[39m: "No new contribution"
2021-10-25T02:28:06.690Z | [32minfo[39m: "No new contribution"
2021-10-25T02:28:12.705Z | [32minfo[39m: "No new contribution"
2021-10-25T02:28:18.717Z | [32minfo[39m: "No new contribution"
2021-10-25T02:28:24.732Z | [32minfo[39m: "No new contribution"
2021-10-25T02:28:30.741Z | [32minfo[39m: "No new contribution"
2021-10-25T02:28:36.751Z | [32minfo[39m: "No new contribution"
2021-10-25T02:28:42.763Z | [32minfo[39m: "No new contribution"
2021-10-25T02:28:48.774Z | [32minfo[39m: "No new contribution"
2021-10-25T02:28:54.789Z | [32minfo[39m: "No new contribution"
2021-10-25T02:29:00.802Z | [32minfo[39m: "No new contribution"
2021-10-25T02:29:06.811Z | [32minfo[39m: "No new contribution"
2021-10-25T02:29:12.823Z | [32minfo[39m: "No new contribution"
2021-10-25T02:29:18.834Z | [32minfo[39m: "No new contribution"
2021-10-25T02:29:24.849Z | [32minfo[39m: "No new contribution"
2021-10-25T02:29:30.862Z | [32minfo[39m: "No new contribution"
2021-10-25T02:29:36.889Z | [32minfo[39m: "Fetched task during block#[11866, 11866)"
2021-10-25T02:29:36.908Z | [32minfo[39m: "Signer addr: HnMAUz7r2G8G3hB27SYNyit5aJmh2a5P4eMdDtACtMFDbam"
2021-10-25T02:33:47.260Z | [32minfo[39m: "Connect to ws://172.17.0.1:9944"
2021-10-25T02:37:10.407Z | [32minfo[39m: "Fetched task during block#[11929, 11931)"
2021-10-25T02:37:10.425Z | [32minfo[39m: "Signer addr: HnMAUz7r2G8G3hB27SYNyit5aJmh2a5P4eMdDtACtMFDbam"
2021-10-25T02:40:12.020Z | [32minfo[39m: "No new contribution"
2021-10-25T02:43:12.038Z | [32minfo[39m: "No new contribution"
2021-10-25T02:46:12.076Z | [32minfo[39m: "Fetched task during block#[12021, 12019)"
2021-10-25T02:46:12.080Z | [32minfo[39m: "Signer addr: HnMAUz7r2G8G3hB27SYNyit5aJmh2a5P4eMdDtACtMFDbam"
2021-10-25T02:48:34.409Z | [32minfo[39m: "Connect to ws://172.17.0.1:9944"
2021-10-25T02:51:49.144Z | [32minfo[39m: "No new contribution"
2021-10-25T02:54:49.193Z | [32minfo[39m: "Fetched task during block#[12107, 12107)"
2021-10-25T02:54:49.205Z | [32minfo[39m: "Signer addr: HnMAUz7r2G8G3hB27SYNyit5aJmh2a5P4eMdDtACtMFDbam"
2021-10-25T08:08:25.002Z | [32minfo[39m: "Connect to ws://172.17.0.1:9944"
2021-10-25T08:09:15.751Z | [32minfo[39m: "Connect to ws://172.17.0.1:9944"
2021-10-25T08:09:44.161Z | [32minfo[39m: "Fetched task during block#[14882, 14906)"
2021-10-25T08:24:09.671Z | [32minfo[39m: "Connect to ws://172.17.0.1:9944"
2021-10-25T08:24:35.489Z | [32minfo[39m: "Fetched task during block#[14882, 14906]"
2021-10-25T08:24:35.514Z | [32minfo[39m: "Signer addr: HnMAUz7r2G8G3hB27SYNyit5aJmh2a5P4eMdDtACtMFDbam"
2021-10-25T08:25:05.619Z | [32minfo[39m: "Fetched task during block#[14882, 14906]"
2021-10-25T08:25:05.640Z | [32minfo[39m: "Signer addr: HnMAUz7r2G8G3hB27SYNyit5aJmh2a5P4eMdDtACtMFDbam"
2021-10-25T08:25:29.618Z | [32minfo[39m: "No new contribution"
2021-10-25T08:25:35.627Z | [32minfo[39m: "No new contribution"
2021-10-25T08:25:41.638Z | [32minfo[39m: "No new contribution"
2021-10-25T08:25:47.650Z | [32minfo[39m: "No new contribution"
2021-10-25T08:25:53.661Z | [32minfo[39m: "No new contribution"
2021-10-25T08:25:59.675Z | [32minfo[39m: "No new contribution"
2021-10-25T08:26:05.686Z | [32minfo[39m: "No new contribution"
2021-10-25T08:26:11.703Z | [32minfo[39m: "No new contribution"
2021-10-25T08:54:13.665Z | [32minfo[39m: "Connect to ws://172.17.0.1:9944"
2021-10-25T08:55:19.639Z | [32minfo[39m: "No new contribution"
2021-10-25T08:55:25.651Z | [32minfo[39m: "No new contribution"
2021-10-25T08:55:31.661Z | [32minfo[39m: "No new contribution"
2021-10-25T08:55:37.672Z | [32minfo[39m: "No new contribution"
2021-10-25T08:55:43.683Z | [32minfo[39m: "No new contribution"
2021-10-25T08:55:49.694Z | [32minfo[39m: "No new contribution"
2021-10-25T08:55:55.706Z | [32minfo[39m: "No new contribution"
2021-10-25T08:56:01.715Z | [32minfo[39m: "No new contribution"
2021-10-25T08:56:07.727Z | [32minfo[39m: "No new contribution"
2021-10-25T08:56:13.738Z | [32minfo[39m: "No new contribution"
2021-10-25T08:56:19.750Z | [32minfo[39m: "No new contribution"
2021-10-25T08:56:25.765Z | [31merror[39m: "Cannot read property 'blockHeight' of undefined"
2021-10-25T08:58:48.375Z | [32minfo[39m: "Connect to ws://172.17.0.1:9944"
2021-10-25T09:00:10.421Z | [32minfo[39m: "Fetched task during block#[15734, 15739]"
2021-10-25T09:00:10.439Z | [32minfo[39m: "Signer addr: HnMAUz7r2G8G3hB27SYNyit5aJmh2a5P4eMdDtACtMFDbam"
2021-10-25T09:00:36.617Z | [32minfo[39m: "Calls finalized in Block#15777"
2021-10-25T09:00:49.091Z | [32minfo[39m: "Block#15777 indexed."
2021-10-25T09:00:49.100Z | [32minfo[39m: "No new contribution"
2021-10-25T09:00:55.107Z | [32minfo[39m: "No new contribution"
2021-10-25T09:01:01.116Z | [32minfo[39m: "No new contribution"
2021-10-25T09:01:07.124Z | [32minfo[39m: "No new contribution"
2021-10-25T09:01:13.150Z | [32minfo[39m: "No new contribution"
2021-10-25T09:01:19.161Z | [32minfo[39m: "No new contribution"
2021-10-25T09:01:27.254Z | [32minfo[39m: "Connect to ws://172.17.0.1:9944"
2021-10-25T09:02:12.290Z | [32minfo[39m: "No new contribution"
2021-10-25T09:02:18.304Z | [32minfo[39m: "No new contribution"
2021-10-25T09:02:24.335Z | [32minfo[39m: "Fetched task during block#[15793, 15793]"
2021-10-25T09:02:24.346Z | [32minfo[39m: "Signer addr: HnMAUz7r2G8G3hB27SYNyit5aJmh2a5P4eMdDtACtMFDbam"
2021-10-25T09:02:47.782Z | [32minfo[39m: "Calls finalized in Block#15799"
2021-10-25T09:02:53.806Z | [32minfo[39m: "Block#15799 indexed."
2021-10-25T09:02:53.828Z | [32minfo[39m: "Fetched task during block#[15795, 15797]"
2021-10-25T09:02:53.842Z | [32minfo[39m: "Signer addr: HnMAUz7r2G8G3hB27SYNyit5aJmh2a5P4eMdDtACtMFDbam"
2021-10-25T09:03:15.863Z | [32minfo[39m: "Calls finalized in Block#15804"
2021-10-25T09:03:27.902Z | [32minfo[39m: "Block#15804 indexed."
2021-10-25T09:03:27.911Z | [32minfo[39m: "No new contribution"
2021-10-25T09:03:33.922Z | [32minfo[39m: "No new contribution"
2021-10-25T09:03:39.936Z | [32minfo[39m: "No new contribution"
2021-10-25T09:03:45.948Z | [32minfo[39m: "No new contribution"
2021-10-25T09:03:51.959Z | [32minfo[39m: "No new contribution"
2021-10-25T09:03:57.973Z | [32minfo[39m: "No new contribution"
2021-10-25T09:04:03.985Z | [32minfo[39m: "No new contribution"
2021-10-25T09:04:10.000Z | [32minfo[39m: "No new contribution"
2021-10-25T09:04:16.009Z | [32minfo[39m: "No new contribution"
2021-10-25T09:04:22.024Z | [32minfo[39m: "No new contribution"
2021-10-25T09:04:28.035Z | [32minfo[39m: "No new contribution"
2021-10-25T09:04:34.043Z | [32minfo[39m: "No new contribution"
2021-10-25T09:04:40.052Z | [32minfo[39m: "No new contribution"
2021-10-25T09:04:46.064Z | [32minfo[39m: "No new contribution"
2021-10-25T09:04:52.078Z | [32minfo[39m: "No new contribution"
2021-10-25T09:04:58.091Z | [32minfo[39m: "No new contribution"
2021-10-25T09:05:04.101Z | [32minfo[39m: "No new contribution"
2021-10-25T09:05:10.119Z | [32minfo[39m: "No new contribution"
2021-10-25T09:05:16.132Z | [32minfo[39m: "No new contribution"
2021-10-25T09:05:22.144Z | [32minfo[39m: "No new contribution"
2021-10-25T09:05:28.158Z | [32minfo[39m: "No new contribution"
2021-10-25T09:05:34.169Z | [32minfo[39m: "No new contribution"
2021-10-25T09:05:40.182Z | [32minfo[39m: "No new contribution"
2021-10-25T09:05:46.191Z | [32minfo[39m: "No new contribution"
2021-10-25T09:05:52.200Z | [32minfo[39m: "No new contribution"
2021-10-25T09:05:58.215Z | [32minfo[39m: "No new contribution"
2021-10-25T09:06:04.225Z | [32minfo[39m: "No new contribution"
2021-10-25T09:06:10.239Z | [32minfo[39m: "No new contribution"
2021-10-25T09:06:16.251Z | [32minfo[39m: "No new contribution"
2021-10-25T09:06:22.261Z | [32minfo[39m: "No new contribution"
